2021-04-28 21:33:10,575 [Worker-2: Loading available Gradle versions] INFO  o.e.b.c.i.u.g.PublishedGradleVersions - Gradle version information cache is out-of-date. Trying to update.
2021-05-04 20:25:45,402 [Worker-6: Loading available Gradle versions] INFO  o.e.b.c.i.u.g.PublishedGradleVersions - Gradle version information cache is out-of-date. Trying to update.
2021-05-04 20:27:26,348 [Worker-9: Building] INFO  o.e.m.c.i.l.LifecycleMappingFactory - Using org.eclipse.m2e.jdt.JarLifecycleMapping lifecycle mapping for MavenProject: com.github.fagner.ifood:cadastro:0.0.1-SNAPSHOT @ C:\Users\death\OneDrive\Documentos\Workspace - Desenvolvimento\wk-api-ifood-udemy_v1\cadastro\pom.xml.
2021-05-04 20:27:49,396 [Worker-4: Updating Maven Dependencies] INFO  o.e.m.c.i.l.LifecycleMappingFactory - Using org.eclipse.m2e.jdt.JarLifecycleMapping lifecycle mapping for MavenProject: com.github.fagner.ifood:pedido:0.0.1-SNAPSHOT @ C:\Users\death\OneDrive\Documentos\Workspace - Desenvolvimento\wk-api-ifood-udemy_v1\pedido\pom.xml.
2021-05-04 20:28:02,923 [Worker-9: Building] INFO  o.e.m.c.i.embedder.EclipseLogger - Using 'UTF-8' encoding to copy filtered resources.
2021-05-04 20:28:02,950 [Worker-9: Building] INFO  o.e.m.c.i.embedder.EclipseLogger - Copying 6 resources
2021-05-04 20:28:03,025 [Worker-9: Building] INFO  o.e.m.c.i.embedder.EclipseLogger - Using 'UTF-8' encoding to copy filtered resources.
2021-05-04 20:28:03,025 [Worker-9: Building] INFO  o.e.m.c.i.embedder.EclipseLogger - skip non existing resourceDirectory C:\Users\death\OneDrive\Documentos\Workspace - Desenvolvimento\wk-api-ifood-udemy_v1\cadastro\src\test\resources
2021-05-04 20:28:07,272 [Worker-6: Building] INFO  o.e.m.c.i.l.LifecycleMappingFactory - Using org.eclipse.m2e.jdt.JarLifecycleMapping lifecycle mapping for MavenProject: com.github.fagner.ifood:marketplace:0.0.1-SNAPSHOT @ C:\Users\death\OneDrive\Documentos\Workspace - Desenvolvimento\wk-api-ifood-udemy_v1\marketplace\pom.xml.
2021-05-04 20:28:12,813 [Worker-6: Building] WARN  o.e.m.c.i.embedder.EclipseLogger - The POM for com.github.fagner.ifood:marketplace:jar:0.0.1-SNAPSHOT is missing, no dependency information available
2021-05-04 20:28:12,818 [Worker-6: Building] WARN  o.e.m.c.i.embedder.EclipseLogger - The POM for com.github.fagner.ifood:marketplace:jar:0.0.1-SNAPSHOT is missing, no dependency information available
2021-05-04 20:28:12,848 [Worker-6: Building] INFO  o.e.m.c.i.embedder.EclipseLogger - Using 'UTF-8' encoding to copy filtered resources.
2021-05-04 20:28:12,850 [Worker-6: Building] INFO  o.e.m.c.i.embedder.EclipseLogger - Copying 2 resources
2021-05-04 20:28:12,933 [Worker-6: Building] INFO  o.e.m.c.i.embedder.EclipseLogger - Using 'UTF-8' encoding to copy filtered resources.
2021-05-04 20:28:12,933 [Worker-6: Building] INFO  o.e.m.c.i.embedder.EclipseLogger - skip non existing resourceDirectory C:\Users\death\OneDrive\Documentos\Workspace - Desenvolvimento\wk-api-ifood-udemy_v1\marketplace\src\test\resources
2021-05-04 20:28:15,243 [Worker-6: Building] WARN  o.e.m.c.i.embedder.EclipseLogger - The POM for com.github.fagner.ifood:pedido:jar:0.0.1-SNAPSHOT is missing, no dependency information available
2021-05-04 20:28:15,254 [Worker-6: Building] WARN  o.e.m.c.i.embedder.EclipseLogger - The POM for com.github.fagner.ifood:pedido:jar:0.0.1-SNAPSHOT is missing, no dependency information available
2021-05-04 20:28:15,271 [Worker-6: Building] INFO  o.e.m.c.i.embedder.EclipseLogger - Using 'UTF-8' encoding to copy filtered resources.
2021-05-04 20:28:15,272 [Worker-6: Building] INFO  o.e.m.c.i.embedder.EclipseLogger - Copying 2 resources
2021-05-04 20:28:15,457 [Worker-6: Building] INFO  o.e.m.c.i.embedder.EclipseLogger - Using 'UTF-8' encoding to copy filtered resources.
2021-05-04 20:28:15,458 [Worker-6: Building] INFO  o.e.m.c.i.embedder.EclipseLogger - skip non existing resourceDirectory C:\Users\death\OneDrive\Documentos\Workspace - Desenvolvimento\wk-api-ifood-udemy_v1\pedido\src\test\resources
